<?xml version="1.0" encoding="UTF-8"?>
<!-- Generated by org.testng.reporters.JUnitReportReporter -->
<testsuite hostname="PC_CASA" failures="0" tests="1" name="ui.FirstTest" time="6.898" errors="0" timestamp="2022-10-26T23:46:21 CEST" skipped="0">
  <testcase classname="ui.FirstTest" name="firstTest" time="6.898"/>
  <system-out/>
</testsuite> <!-- ui.FirstTest -->
